<?xml version='1.0' encoding='UTF-8'?>
<testsuite hostname="SY4-6FT39W3" name="series.var.GrangerCausalityTest" tests="9" errors="0" failures="0" skipped="0" time="0.441" timestamp="2026-06-12T15:08:52">
          <properties>
[...]
</properties>
          <testcase classname="series.var.GrangerCausalityTest" name="F statistic is positive" time="0.381">
                      
                    </testcase><testcase classname="series.var.GrangerCausalityTest" name="p-value is in [0,1]" time="0.005">
                      
                    </testcase><testcase classname="series.var.GrangerCausalityTest" name="y1 Granger-causes y2 in causal DGP" time="0.006">
                      
                    </testcase><testcase classname="series.var.GrangerCausalityTest" name="y2 does not Granger-cause y1 in causal DGP" time="0.004">
                      
                    </testcase><testcase classname="series.var.GrangerCausalityTest" name="testAll returns k x k matrix" time="0.008">
                      
                    </testcase><testcase classname="series.var.GrangerCausalityTest" name="diagonal of testAll is None" time="0.015">
                      
                    </testcase><testcase classname="series.var.GrangerCausalityTest" name="throws on same cause and effect" time="0.003">
                      
                    </testcase><testcase classname="series.var.GrangerCausalityTest" name="causalityMatrix produces readable output" time="0.016">
                      
                    </testcase><testcase classname="series.var.GrangerCausalityTest" name="toString contains key fields" time="0.003">
                      
                    </testcase>
          <system-out><![CDATA[]]></system-out>
          <system-err><![CDATA[]]></system-err>
        </testsuite>