<?xml version='1.0' encoding='UTF-8'?>
<testsuite hostname="SY4-6FT39W3" name="series.svar.LongRunIdentificationTest" tests="8" errors="0" failures="0" skipped="0" time="2.274" timestamp="2026-06-12T15:00:25">
          <properties>
[...]
</properties>
          <testcase classname="series.svar.LongRunIdentificationTest" name="Blanchard-Quah long-run multiplier is lower triangular" time="2.026">
                      
                    </testcase><testcase classname="series.svar.LongRunIdentificationTest" name="Blanchard-Quah IRFs have correct horizon count" time="0.005">
                      
                    </testcase><testcase classname="series.svar.LongRunIdentificationTest" name="Blanchard-Quah IRFs are finite" time="0.011">
                      
                    </testcase><testcase classname="series.svar.LongRunIdentificationTest" name="Blanchard-Quah sigma consistency" time="0.008">
                      
                    </testcase><testcase classname="series.svar.LongRunIdentificationTest" name="FEVD sums to 1 for Blanchard-Quah" time="0.073">
                      
                    </testcase><testcase classname="series.svar.LongRunIdentificationTest" name="identification string is correct" time="0.004">
                      
                    </testcase><testcase classname="series.svar.LongRunIdentificationTest" name="zero restrictions require k(k-1)/2 restrictions" time="0.012">
                      
                    </testcase><testcase classname="series.svar.LongRunIdentificationTest" name="custom shock names appear in result" time="0.135">
                      
                    </testcase>
          <system-out><![CDATA[]]></system-out>
          <system-err><![CDATA[]]></system-err>
        </testsuite>