<?xml version='1.0' encoding='UTF-8'?>
<testsuite hostname="SY4-6FT39W3" name="series.rnn.RnnTest" tests="28" errors="0" failures="0" skipped="0" time="7.238" timestamp="2026-06-12T15:00:25">
          <properties>
[...]
</properties>
          <testcase classname="series.rnn.RnnTest" name="small config has correct defaults" time="0.104">
                      
                    </testcase><testcase classname="series.rnn.RnnTest" name="medium config has larger hiddenDim" time="0.001">
                      
                    </testcase><testcase classname="series.rnn.RnnTest" name="effectiveWindow uses period when period &gt; 1" time="0.0">
                      
                    </testcase><testcase classname="series.rnn.RnnTest" name="effectiveWindow caps at n/3" time="0.0">
                      
                    </testcase><testcase classname="series.rnn.RnnTest" name="effectiveWindow respects explicit window" time="0.0">
                      
                    </testcase><testcase classname="series.rnn.RnnTest" name="MSE loss is zero for perfect prediction" time="1.232">
                      
                    </testcase><testcase classname="series.rnn.RnnTest" name="MSE gradient points in direction of error" time="0.001">
                      
                    </testcase><testcase classname="series.rnn.RnnTest" name="MAE loss is correct" time="0.002">
                      
                    </testcase><testcase classname="series.rnn.RnnTest" name="Huber loss equals MSE for small errors" time="0.003">
                      
                    </testcase><testcase classname="series.rnn.RnnTest" name="normalizer transforms to zero mean" time="0.007">
                      
                    </testcase><testcase classname="series.rnn.RnnTest" name="normalizer inverse recovers original" time="0.005">
                      
                    </testcase><testcase classname="series.rnn.RnnTest" name="VanillaCell output has correct dimension" time="0.034">
                      
                    </testcase><testcase classname="series.rnn.RnnTest" name="LstmCell output and cell state have correct dimensions" time="0.043">
                      
                    </testcase><testcase classname="series.rnn.RnnTest" name="GruCell output has correct dimension" time="0.041">
                      
                    </testcase><testcase classname="series.rnn.RnnTest" name="LSTM gate values are in (0,1)" time="0.006">
                      
                    </testcase><testcase classname="series.rnn.RnnTest" name="Vanilla RNN fit returns RnnFit" time="0.284">
                      
                    </testcase><testcase classname="series.rnn.RnnTest" name="LSTM fit returns non-NaN loss" time="0.359">
                      
                    </testcase><testcase classname="series.rnn.RnnTest" name="GRU fit returns non-NaN loss" time="0.777">
                      
                    </testcase><testcase classname="series.rnn.RnnTest" name="multilayer LSTM fit works" time="1.783">
                      
                    </testcase><testcase classname="series.rnn.RnnTest" name="training loss decreases over epochs" time="1.387">
                      
                    </testcase><testcase classname="series.rnn.RnnTest" name="forecast has correct dimensions" time="0.167">
                      
                    </testcase><testcase classname="series.rnn.RnnTest" name="forecast values are finite" time="0.141">
                      
                    </testcase><testcase classname="series.rnn.RnnTest" name="MC forecast has correct dimensions" time="0.168">
                      
                    </testcase><testcase classname="series.rnn.RnnTest" name="prediction intervals are ordered" time="0.464">
                      
                    </testcase><testcase classname="series.rnn.RnnTest" name="fitted values have correct dimensions" time="0.084">
                      
                    </testcase><testcase classname="series.rnn.RnnTest" name="toString is readable" time="0.067">
                      
                    </testcase><testcase classname="series.rnn.RnnTest" name="MAE loss training works" time="0.037">
                      
                    </testcase><testcase classname="series.rnn.RnnTest" name="Huber loss training works" time="0.041">
                      
                    </testcase>
          <system-out><![CDATA[]]></system-out>
          <system-err><![CDATA[]]></system-err>
        </testsuite>